# JRE version: OpenJDK Runtime Environment (8.0_76-b03) (build 1.8.0_76-release-b03)
# Java VM: OpenJDK 64-Bit Server VM (25.76-b03 mixed mode windows-amd64 compressed oops)
Heap:
 PSYoungGen      total 230400K, used 78037K [0x00000000e0000000, 0x00000000f1200000, 0x0000000100000000)
  eden space 226816K, 32% used [0x00000000e0000000,0x00000000e48b95b8,0x00000000edd80000)
  from space 3584K, 99% used [0x00000000ef400000,0x00000000ef77c010,0x00000000ef780000)
  to   space 23040K, 0% used [0x00000000edd80000,0x00000000edd80000,0x00000000ef400000)
 ParOldGen       total 78848K, used 45517K [0x00000000a0000000, 0x00000000a4d00000, 0x00000000e0000000)
  object space 78848K, 57% used [0x00000000a0000000,0x00000000a2c73580,0x00000000a4d00000)
 Metaspace       used 55380K, capacity 57564K, committed 57648K, reserved 1099776K
  class space    used 7479K, capacity 7971K, committed 7984K, reserved 1048576K
GC Heap History (10 events):
Event: 24.404 GC heap before
{Heap before GC invocations=9 (full 2):
 PSYoungGen      total 167424K, used 8162K [0x00000000e0000000, 0x00000000f0380000, 0x0000000100000000)
  eden space 154112K, 0% used [0x00000000e0000000,0x00000000e0000000,0x00000000e9680000)
  from space 13312K, 61% used [0x00000000e9680000,0x00000000e9e788b8,0x00000000ea380000)
  to   space 12800K, 0% used [0x00000000ef700000,0x00000000ef700000,0x00000000f0380000)
 ParOldGen       total 49664K, used 15355K [0x00000000a0000000, 0x00000000a3080000, 0x00000000e0000000)
  object space 49664K, 30% used [0x00000000a0000000,0x00000000a0efed98,0x00000000a3080000)
 Metaspace       used 34554K, capacity 35306K, committed 35496K, reserved 1079296K
  class space    used 4643K, capacity 4874K, committed 4912K, reserved 1048576K
Event: 24.662 GC heap after
Heap after GC invocations=9 (full 2):
 PSYoungGen      total 167424K, used 0K [0x00000000e0000000, 0x00000000f0380000, 0x0000000100000000)
  eden space 154112K, 0% used [0x00000000e0000000,0x00000000e0000000,0x00000000e9680000)
  from space 13312K, 0% used [0x00000000e9680000,0x00000000e9680000,0x00000000ea380000)
  to   space 12800K, 0% used [0x00000000ef700000,0x00000000ef700000,0x00000000f0380000)
 ParOldGen       total 78848K, used 15829K [0x00000000a0000000, 0x00000000a4d00000, 0x00000000e0000000)
  object space 78848K, 20% used [0x00000000a0000000,0x00000000a0f75410,0x00000000a4d00000)
 Metaspace       used 34554K, capacity 35306K, committed 35496K, reserved 1079296K
  class space    used 4643K, capacity 4874K, committed 4912K, reserved 1048576K
}
Event: 31.608 GC heap before
{Heap before GC invocations=10 (full 2):
 PSYoungGen      total 167424K, used 154112K [0x00000000e0000000, 0x00000000f0380000, 0x0000000100000000)
  eden space 154112K, 100% used [0x00000000e0000000,0x00000000e9680000,0x00000000e9680000)
  from space 13312K, 0% used [0x00000000e9680000,0x00000000e9680000,0x00000000ea380000)
  to   space 12800K, 0% used [0x00000000ef700000,0x00000000ef700000,0x00000000f0380000)
 ParOldGen       total 78848K, used 15829K [0x00000000a0000000, 0x00000000a4d00000, 0x00000000e0000000)
  object space 78848K, 20% used [0x00000000a0000000,0x00000000a0f75410,0x00000000a4d00000)
 Metaspace       used 45440K, capacity 46566K, committed 46640K, reserved 1089536K
  class space    used 6131K, capacity 6383K, committed 6448K, reserved 1048576K
Event: 31.629 GC heap after
Heap after GC invocations=10 (full 2):
 PSYoungGen      total 215552K, used 12786K [0x00000000e0000000, 0x00000000f0380000, 0x0000000100000000)
  eden space 202752K, 0% used [0x00000000e0000000,0x00000000e0000000,0x00000000ec600000)
  from space 12800K, 99% used [0x00000000ef700000,0x00000000f037c858,0x00000000f0380000)
  to   space 15872K, 0% used [0x00000000ee480000,0x00000000ee480000,0x00000000ef400000)
 ParOldGen       total 78848K, used 18806K [0x00000000a0000000, 0x00000000a4d00000, 0x00000000e0000000)
  object space 78848K, 23% used [0x00000000a0000000,0x00000000a125d8b8,0x00000000a4d00000)
 Metaspace       used 45440K, capacity 46566K, committed 46640K, reserved 1089536K
  class space    used 6131K, capacity 6383K, committed 6448K, reserved 1048576K
}
Event: 34.228 GC heap before
{Heap before GC invocations=11 (full 2):
 PSYoungGen      total 215552K, used 168345K [0x00000000e0000000, 0x00000000f0380000, 0x0000000100000000)
  eden space 202752K, 76% used [0x00000000e0000000,0x00000000e97e9e50,0x00000000ec600000)
  from space 12800K, 99% used [0x00000000ef700000,0x00000000f037c858,0x00000000f0380000)
  to   space 15872K, 0% used [0x00000000ee480000,0x00000000ee480000,0x00000000ef400000)
 ParOldGen       total 78848K, used 18806K [0x00000000a0000000, 0x00000000a4d00000, 0x00000000e0000000)
  object space 78848K, 23% used [0x00000000a0000000,0x00000000a125d8b8,0x00000000a4d00000)
 Metaspace       used 51753K, capacity 53756K, committed 53936K, reserved 1095680K
  class space    used 7101K, capacity 7569K, committed 7600K, reserved 1048576K
Event: 34.301 GC heap after
Heap after GC invocations=11 (full 2):
 PSYoungGen      total 218624K, used 15843K [0x00000000e0000000, 0x00000000ef780000, 0x0000000100000000)
  eden space 202752K, 0% used [0x00000000e0000000,0x00000000e0000000,0x00000000ec600000)
  from space 15872K, 99% used [0x00000000ee480000,0x00000000ef3f8fc8,0x00000000ef400000)
  to   space 3584K, 0% used [0x00000000ef400000,0x00000000ef400000,0x00000000ef780000)
 ParOldGen       total 78848K, used 32634K [0x00000000a0000000, 0x00000000a4d00000, 0x00000000e0000000)
  object space 78848K, 41% used [0x00000000a0000000,0x00000000a1fde908,0x00000000a4d00000)
 Metaspace       used 51753K, capacity 53756K, committed 53936K, reserved 1095680K
  class space    used 7101K, capacity 7569K, committed 7600K, reserved 1048576K
}
Event: 34.301 GC heap before
{Heap before GC invocations=12 (full 3):
 PSYoungGen      total 218624K, used 15843K [0x00000000e0000000, 0x00000000ef780000, 0x0000000100000000)
  eden space 202752K, 0% used [0x00000000e0000000,0x00000000e0000000,0x00000000ec600000)
  from space 15872K, 99% used [0x00000000ee480000,0x00000000ef3f8fc8,0x00000000ef400000)
  to   space 3584K, 0% used [0x00000000ef400000,0x00000000ef400000,0x00000000ef780000)
 ParOldGen       total 78848K, used 32634K [0x00000000a0000000, 0x00000000a4d00000, 0x00000000e0000000)
  object space 78848K, 41% used [0x00000000a0000000,0x00000000a1fde908,0x00000000a4d00000)
 Metaspace       used 51753K, capacity 53756K, committed 53936K, reserved 1095680K
  class space    used 7101K, capacity 7569K, committed 7600K, reserved 1048576K
Event: 34.669 GC heap after
Heap after GC invocations=12 (full 3):
 PSYoungGen      total 218624K, used 0K [0x00000000e0000000, 0x00000000ef780000, 0x0000000100000000)
  eden space 202752K, 0% used [0x00000000e0000000,0x00000000e0000000,0x00000000ec600000)
  from space 15872K, 0% used [0x00000000ee480000,0x00000000ee480000,0x00000000ef400000)
  to   space 3584K, 0% used [0x00000000ef400000,0x00000000ef400000,0x00000000ef780000)
 ParOldGen       total 78848K, used 43269K [0x00000000a0000000, 0x00000000a4d00000, 0x00000000e0000000)
  object space 78848K, 54% used [0x00000000a0000000,0x00000000a2a415c8,0x00000000a4d00000)
 Metaspace       used 51753K, capacity 53756K, committed 53936K, reserved 1095680K
  class space    used 7101K, capacity 7569K, committed 7600K, reserved 1048576K
}
Event: 156.013 GC heap before
{Heap before GC invocations=13 (full 3):
 PSYoungGen      total 218624K, used 202752K [0x00000000e0000000, 0x00000000ef780000, 0x0000000100000000)
  eden space 202752K, 100% used [0x00000000e0000000,0x00000000ec600000,0x00000000ec600000)
  from space 15872K, 0% used [0x00000000ee480000,0x00000000ee480000,0x00000000ef400000)
  to   space 3584K, 0% used [0x00000000ef400000,0x00000000ef400000,0x00000000ef780000)
 ParOldGen       total 78848K, used 43269K [0x00000000a0000000, 0x00000000a4d00000, 0x00000000e0000000)
  object space 78848K, 54% used [0x00000000a0000000,0x00000000a2a415c8,0x00000000a4d00000)
 Metaspace       used 54693K, capacity 56862K, committed 57136K, reserved 1097728K
  class space    used 7410K, capacity 7882K, committed 7984K, reserved 1048576K
Event: 156.026 GC heap after
Heap after GC invocations=13 (full 3):
 PSYoungGen      total 230400K, used 3568K [0x00000000e0000000, 0x00000000f1200000, 0x0000000100000000)
  eden space 226816K, 0% used [0x00000000e0000000,0x00000000e0000000,0x00000000edd80000)
  from space 3584K, 99% used [0x00000000ef400000,0x00000000ef77c010,0x00000000ef780000)
  to   space 23040K, 0% used [0x00000000edd80000,0x00000000edd80000,0x00000000ef400000)
 ParOldGen       total 78848K, used 45517K [0x00000000a0000000, 0x00000000a4d00000, 0x00000000e0000000)
  object space 78848K, 57% used [0x00000000a0000000,0x00000000a2c73580,0x00000000a4d00000)
 Metaspace       used 54693K, capacity 56862K, committed 57136K, reserved 1097728K
  class space    used 7410K, capacity 7882K, committed 7984K, reserved 1048576K
}

